 WENO reconstruction order =  5
 Nx =         8000
 L =    1.5000000000000000     
 Tend =   0.10000000000000001     
 CFL =   0.45000000000000001     
 beta =   0.90000000000000002     
 amp =    3.0000000000000000     
 Output frequency =          200
 FT: Euler               
 BT: Euler               
 Forward Flux: GLF                 
 Adjoint Flux: GLF                 
 Adjoint enabled: True                
 Viscosity enabled: True                
 Viscosity enabled: True                
 Initial condition:            3
 SI: FV                  
 Diagonalization enabled: False               
 Sensitivity check enabled: False               
 Number of time steps =   12151 with dt =   0.000008229775
 Forward simulation
 Forward: Timestep =          200
 Forward: Timestep =          400
 Forward: Timestep =          600
 Forward: Timestep =          800
 Forward: Timestep =         1000
 Forward: Timestep =         1200
 Forward: Timestep =         1400
 Forward: Timestep =         1600
 Forward: Timestep =         1800
 Forward: Timestep =         2000
 Forward: Timestep =         2200
 Forward: Timestep =         2400
 Forward: Timestep =         2600
 Forward: Timestep =         2800
 Forward: Timestep =         3000
 Forward: Timestep =         3200
 Forward: Timestep =         3400
 Forward: Timestep =         3600
 Forward: Timestep =         3800
 Forward: Timestep =         4000
 Forward: Timestep =         4200
 Forward: Timestep =         4400
 Forward: Timestep =         4600
 Forward: Timestep =         4800
 Forward: Timestep =         5000
 Forward: Timestep =         5200
 Forward: Timestep =         5400
 Forward: Timestep =         5600
 Forward: Timestep =         5800
 Forward: Timestep =         6000
 Forward: Timestep =         6200
 Forward: Timestep =         6400
 Forward: Timestep =         6600
 Forward: Timestep =         6800
 Forward: Timestep =         7000
 Forward: Timestep =         7200
 Forward: Timestep =         7400
 Forward: Timestep =         7600
 Forward: Timestep =         7800
 Forward: Timestep =         8000
 Forward: Timestep =         8200
 Forward: Timestep =         8400
 Forward: Timestep =         8600
 Forward: Timestep =         8800
 Forward: Timestep =         9000
 Forward: Timestep =         9200
 Forward: Timestep =         9400
 Forward: Timestep =         9600
 Forward: Timestep =         9800
 Forward: Timestep =        10000
 Forward: Timestep =        10200
 Forward: Timestep =        10400
 Forward: Timestep =        10600
 Forward: Timestep =        10800
 Forward: Timestep =        11000
 Forward: Timestep =        11200
 Forward: Timestep =        11400
 Forward: Timestep =        11600
 Forward: Timestep =        11800
 Forward: Timestep =        12000
 Adjoint: Timestep =       12000
 Adjoint: Timestep =       11800
 Adjoint: Timestep =       11600
 Adjoint: Timestep =       11400
 Adjoint: Timestep =       11200
 Adjoint: Timestep =       11000
 Adjoint: Timestep =       10800
 Adjoint: Timestep =       10600
 Adjoint: Timestep =       10400
 Adjoint: Timestep =       10200
 Adjoint: Timestep =       10000
 Adjoint: Timestep =        9800
 Adjoint: Timestep =        9600
 Adjoint: Timestep =        9400
 Adjoint: Timestep =        9200
 Adjoint: Timestep =        9000
 Adjoint: Timestep =        8800
 Adjoint: Timestep =        8600
 Adjoint: Timestep =        8400
 Adjoint: Timestep =        8200
 Adjoint: Timestep =        8000
 Adjoint: Timestep =        7800
 Adjoint: Timestep =        7600
 Adjoint: Timestep =        7400
 Adjoint: Timestep =        7200
 Adjoint: Timestep =        7000
 Adjoint: Timestep =        6800
 Adjoint: Timestep =        6600
 Adjoint: Timestep =        6400
 Adjoint: Timestep =        6200
 Adjoint: Timestep =        6000
 Adjoint: Timestep =        5800
 Adjoint: Timestep =        5600
 Adjoint: Timestep =        5400
 Adjoint: Timestep =        5200
 Adjoint: Timestep =        5000
 Adjoint: Timestep =        4800
 Adjoint: Timestep =        4600
 Adjoint: Timestep =        4400
 Adjoint: Timestep =        4200
 Adjoint: Timestep =        4000
 Adjoint: Timestep =        3800
 Adjoint: Timestep =        3600
 Adjoint: Timestep =        3400
 Adjoint: Timestep =        3200
 Adjoint: Timestep =        3000
 Adjoint: Timestep =        2800
 Adjoint: Timestep =        2600
 Adjoint: Timestep =        2400
 Adjoint: Timestep =        2200
 Adjoint: Timestep =        2000
 Adjoint: Timestep =        1800
 Adjoint: Timestep =        1600
 Adjoint: Timestep =        1400
 Adjoint: Timestep =        1200
 Adjoint: Timestep =        1000
 Adjoint: Timestep =         800
 Adjoint: Timestep =         600
 Adjoint: Timestep =         400
 Adjoint: Timestep =         200
 Adjoint: Timestep =           0
 Check sensitivity
