 WENO reconstruction order =  5
 Nx =        16000
 L =    1.5000000000000000     
 Tend =   0.10000000000000001     
 CFL =   0.45000000000000001     
 beta =   0.90000000000000002     
 amp =    3.0000000000000000     
 Output frequency =          200
 FT: Euler               
 BT: Euler               
 Forward Flux: GLF                 
 Adjoint Flux: GLF                 
 Adjoint enabled: True                
 Viscosity enabled: True                
 Viscosity enabled: True                
 Initial condition:            3
 SI: FV                  
 Diagonalization enabled: False               
 Sensitivity check enabled: False               
 Number of time steps =   26047 with dt =   0.000003839214
 Forward simulation
 Forward: Timestep =          200
 Forward: Timestep =          400
 Forward: Timestep =          600
 Forward: Timestep =          800
 Forward: Timestep =         1000
 Forward: Timestep =         1200
 Forward: Timestep =         1400
 Forward: Timestep =         1600
 Forward: Timestep =         1800
 Forward: Timestep =         2000
 Forward: Timestep =         2200
 Forward: Timestep =         2400
 Forward: Timestep =         2600
 Forward: Timestep =         2800
 Forward: Timestep =         3000
 Forward: Timestep =         3200
 Forward: Timestep =         3400
 Forward: Timestep =         3600
 Forward: Timestep =         3800
 Forward: Timestep =         4000
 Forward: Timestep =         4200
 Forward: Timestep =         4400
 Forward: Timestep =         4600
 Forward: Timestep =         4800
 Forward: Timestep =         5000
 Forward: Timestep =         5200
 Forward: Timestep =         5400
 Forward: Timestep =         5600
 Forward: Timestep =         5800
 Forward: Timestep =         6000
 Forward: Timestep =         6200
 Forward: Timestep =         6400
 Forward: Timestep =         6600
 Forward: Timestep =         6800
 Forward: Timestep =         7000
 Forward: Timestep =         7200
 Forward: Timestep =         7400
 Forward: Timestep =         7600
 Forward: Timestep =         7800
 Forward: Timestep =         8000
 Forward: Timestep =         8200
 Forward: Timestep =         8400
 Forward: Timestep =         8600
 Forward: Timestep =         8800
 Forward: Timestep =         9000
 Forward: Timestep =         9200
 Forward: Timestep =         9400
 Forward: Timestep =         9600
 Forward: Timestep =         9800
 Forward: Timestep =        10000
 Forward: Timestep =        10200
 Forward: Timestep =        10400
 Forward: Timestep =        10600
 Forward: Timestep =        10800
 Forward: Timestep =        11000
 Forward: Timestep =        11200
 Forward: Timestep =        11400
 Forward: Timestep =        11600
 Forward: Timestep =        11800
 Forward: Timestep =        12000
 Forward: Timestep =        12200
 Forward: Timestep =        12400
 Forward: Timestep =        12600
 Forward: Timestep =        12800
 Forward: Timestep =        13000
 Forward: Timestep =        13200
 Forward: Timestep =        13400
 Forward: Timestep =        13600
 Forward: Timestep =        13800
 Forward: Timestep =        14000
 Forward: Timestep =        14200
 Forward: Timestep =        14400
 Forward: Timestep =        14600
 Forward: Timestep =        14800
 Forward: Timestep =        15000
 Forward: Timestep =        15200
 Forward: Timestep =        15400
 Forward: Timestep =        15600
 Forward: Timestep =        15800
 Forward: Timestep =        16000
 Forward: Timestep =        16200
 Forward: Timestep =        16400
 Forward: Timestep =        16600
 Forward: Timestep =        16800
 Forward: Timestep =        17000
 Forward: Timestep =        17200
 Forward: Timestep =        17400
 Forward: Timestep =        17600
 Forward: Timestep =        17800
 Forward: Timestep =        18000
 Forward: Timestep =        18200
 Forward: Timestep =        18400
 Forward: Timestep =        18600
 Forward: Timestep =        18800
 Forward: Timestep =        19000
 Forward: Timestep =        19200
 Forward: Timestep =        19400
 Forward: Timestep =        19600
 Forward: Timestep =        19800
 Forward: Timestep =        20000
 Forward: Timestep =        20200
 Forward: Timestep =        20400
 Forward: Timestep =        20600
 Forward: Timestep =        20800
 Forward: Timestep =        21000
 Forward: Timestep =        21200
 Forward: Timestep =        21400
 Forward: Timestep =        21600
 Forward: Timestep =        21800
 Forward: Timestep =        22000
 Forward: Timestep =        22200
 Forward: Timestep =        22400
 Forward: Timestep =        22600
 Forward: Timestep =        22800
 Forward: Timestep =        23000
 Forward: Timestep =        23200
 Forward: Timestep =        23400
 Forward: Timestep =        23600
 Forward: Timestep =        23800
 Forward: Timestep =        24000
 Forward: Timestep =        24200
 Forward: Timestep =        24400
 Forward: Timestep =        24600
 Forward: Timestep =        24800
 Forward: Timestep =        25000
 Forward: Timestep =        25200
 Forward: Timestep =        25400
 Forward: Timestep =        25600
 Forward: Timestep =        25800
 Forward: Timestep =        26000
 Adjoint: Timestep =       26000
 Adjoint: Timestep =       25800
 Adjoint: Timestep =       25600
 Adjoint: Timestep =       25400
 Adjoint: Timestep =       25200
 Adjoint: Timestep =       25000
 Adjoint: Timestep =       24800
 Adjoint: Timestep =       24600
 Adjoint: Timestep =       24400
 Adjoint: Timestep =       24200
 Adjoint: Timestep =       24000
 Adjoint: Timestep =       23800
 Adjoint: Timestep =       23600
 Adjoint: Timestep =       23400
 Adjoint: Timestep =       23200
 Adjoint: Timestep =       23000
 Adjoint: Timestep =       22800
 Adjoint: Timestep =       22600
 Adjoint: Timestep =       22400
 Adjoint: Timestep =       22200
 Adjoint: Timestep =       22000
 Adjoint: Timestep =       21800
 Adjoint: Timestep =       21600
 Adjoint: Timestep =       21400
 Adjoint: Timestep =       21200
 Adjoint: Timestep =       21000
 Adjoint: Timestep =       20800
 Adjoint: Timestep =       20600
 Adjoint: Timestep =       20400
 Adjoint: Timestep =       20200
 Adjoint: Timestep =       20000
 Adjoint: Timestep =       19800
 Adjoint: Timestep =       19600
 Adjoint: Timestep =       19400
 Adjoint: Timestep =       19200
 Adjoint: Timestep =       19000
 Adjoint: Timestep =       18800
 Adjoint: Timestep =       18600
 Adjoint: Timestep =       18400
 Adjoint: Timestep =       18200
 Adjoint: Timestep =       18000
 Adjoint: Timestep =       17800
 Adjoint: Timestep =       17600
 Adjoint: Timestep =       17400
 Adjoint: Timestep =       17200
 Adjoint: Timestep =       17000
 Adjoint: Timestep =       16800
 Adjoint: Timestep =       16600
 Adjoint: Timestep =       16400
 Adjoint: Timestep =       16200
 Adjoint: Timestep =       16000
 Adjoint: Timestep =       15800
 Adjoint: Timestep =       15600
 Adjoint: Timestep =       15400
 Adjoint: Timestep =       15200
 Adjoint: Timestep =       15000
 Adjoint: Timestep =       14800
 Adjoint: Timestep =       14600
 Adjoint: Timestep =       14400
 Adjoint: Timestep =       14200
 Adjoint: Timestep =       14000
 Adjoint: Timestep =       13800
 Adjoint: Timestep =       13600
 Adjoint: Timestep =       13400
 Adjoint: Timestep =       13200
 Adjoint: Timestep =       13000
 Adjoint: Timestep =       12800
 Adjoint: Timestep =       12600
 Adjoint: Timestep =       12400
 Adjoint: Timestep =       12200
 Adjoint: Timestep =       12000
 Adjoint: Timestep =       11800
 Adjoint: Timestep =       11600
 Adjoint: Timestep =       11400
 Adjoint: Timestep =       11200
 Adjoint: Timestep =       11000
 Adjoint: Timestep =       10800
 Adjoint: Timestep =       10600
 Adjoint: Timestep =       10400
 Adjoint: Timestep =       10200
 Adjoint: Timestep =       10000
 Adjoint: Timestep =        9800
 Adjoint: Timestep =        9600
 Adjoint: Timestep =        9400
 Adjoint: Timestep =        9200
 Adjoint: Timestep =        9000
 Adjoint: Timestep =        8800
 Adjoint: Timestep =        8600
 Adjoint: Timestep =        8400
 Adjoint: Timestep =        8200
 Adjoint: Timestep =        8000
 Adjoint: Timestep =        7800
 Adjoint: Timestep =        7600
 Adjoint: Timestep =        7400
 Adjoint: Timestep =        7200
 Adjoint: Timestep =        7000
 Adjoint: Timestep =        6800
 Adjoint: Timestep =        6600
 Adjoint: Timestep =        6400
 Adjoint: Timestep =        6200
 Adjoint: Timestep =        6000
 Adjoint: Timestep =        5800
 Adjoint: Timestep =        5600
 Adjoint: Timestep =        5400
 Adjoint: Timestep =        5200
 Adjoint: Timestep =        5000
 Adjoint: Timestep =        4800
 Adjoint: Timestep =        4600
 Adjoint: Timestep =        4400
 Adjoint: Timestep =        4200
 Adjoint: Timestep =        4000
 Adjoint: Timestep =        3800
 Adjoint: Timestep =        3600
 Adjoint: Timestep =        3400
 Adjoint: Timestep =        3200
 Adjoint: Timestep =        3000
 Adjoint: Timestep =        2800
 Adjoint: Timestep =        2600
 Adjoint: Timestep =        2400
 Adjoint: Timestep =        2200
 Adjoint: Timestep =        2000
 Adjoint: Timestep =        1800
 Adjoint: Timestep =        1600
 Adjoint: Timestep =        1400
 Adjoint: Timestep =        1200
 Adjoint: Timestep =        1000
 Adjoint: Timestep =         800
 Adjoint: Timestep =         600
 Adjoint: Timestep =         400
 Adjoint: Timestep =         200
 Adjoint: Timestep =           0
 Check sensitivity
