 WENO reconstruction order =  5
 Nx =        32000
 L =    1.5000000000000000     
 Tend =   0.10000000000000001     
 CFL =   0.45000000000000001     
 beta =   0.90000000000000002     
 amp =    3.0000000000000000     
 Output frequency =          200
 FT: Euler               
 BT: Euler               
 Forward Flux: GLF                 
 Adjoint Flux: GLF                 
 Adjoint enabled: True                
 Viscosity enabled: True                
 Viscosity enabled: True                
 Initial condition:            3
 SI: FV                  
 Diagonalization enabled: False               
 Sensitivity check enabled: False               
 Number of time steps =   55834 with dt =   0.000001791023
 Forward simulation
 Forward: Timestep =          200
 Forward: Timestep =          400
 Forward: Timestep =          600
 Forward: Timestep =          800
 Forward: Timestep =         1000
 Forward: Timestep =         1200
 Forward: Timestep =         1400
 Forward: Timestep =         1600
 Forward: Timestep =         1800
 Forward: Timestep =         2000
 Forward: Timestep =         2200
 Forward: Timestep =         2400
 Forward: Timestep =         2600
 Forward: Timestep =         2800
 Forward: Timestep =         3000
 Forward: Timestep =         3200
 Forward: Timestep =         3400
 Forward: Timestep =         3600
 Forward: Timestep =         3800
 Forward: Timestep =         4000
 Forward: Timestep =         4200
 Forward: Timestep =         4400
 Forward: Timestep =         4600
 Forward: Timestep =         4800
 Forward: Timestep =         5000
 Forward: Timestep =         5200
 Forward: Timestep =         5400
 Forward: Timestep =         5600
 Forward: Timestep =         5800
 Forward: Timestep =         6000
 Forward: Timestep =         6200
 Forward: Timestep =         6400
 Forward: Timestep =         6600
 Forward: Timestep =         6800
 Forward: Timestep =         7000
 Forward: Timestep =         7200
 Forward: Timestep =         7400
 Forward: Timestep =         7600
 Forward: Timestep =         7800
 Forward: Timestep =         8000
 Forward: Timestep =         8200
 Forward: Timestep =         8400
 Forward: Timestep =         8600
 Forward: Timestep =         8800
 Forward: Timestep =         9000
 Forward: Timestep =         9200
 Forward: Timestep =         9400
 Forward: Timestep =         9600
 Forward: Timestep =         9800
 Forward: Timestep =        10000
 Forward: Timestep =        10200
 Forward: Timestep =        10400
 Forward: Timestep =        10600
 Forward: Timestep =        10800
 Forward: Timestep =        11000
 Forward: Timestep =        11200
 Forward: Timestep =        11400
 Forward: Timestep =        11600
 Forward: Timestep =        11800
 Forward: Timestep =        12000
 Forward: Timestep =        12200
 Forward: Timestep =        12400
 Forward: Timestep =        12600
 Forward: Timestep =        12800
 Forward: Timestep =        13000
 Forward: Timestep =        13200
 Forward: Timestep =        13400
 Forward: Timestep =        13600
 Forward: Timestep =        13800
 Forward: Timestep =        14000
 Forward: Timestep =        14200
 Forward: Timestep =        14400
 Forward: Timestep =        14600
 Forward: Timestep =        14800
 Forward: Timestep =        15000
 Forward: Timestep =        15200
 Forward: Timestep =        15400
 Forward: Timestep =        15600
 Forward: Timestep =        15800
 Forward: Timestep =        16000
 Forward: Timestep =        16200
 Forward: Timestep =        16400
 Forward: Timestep =        16600
 Forward: Timestep =        16800
 Forward: Timestep =        17000
 Forward: Timestep =        17200
 Forward: Timestep =        17400
 Forward: Timestep =        17600
 Forward: Timestep =        17800
 Forward: Timestep =        18000
 Forward: Timestep =        18200
 Forward: Timestep =        18400
 Forward: Timestep =        18600
 Forward: Timestep =        18800
 Forward: Timestep =        19000
 Forward: Timestep =        19200
 Forward: Timestep =        19400
 Forward: Timestep =        19600
 Forward: Timestep =        19800
 Forward: Timestep =        20000
 Forward: Timestep =        20200
 Forward: Timestep =        20400
 Forward: Timestep =        20600
 Forward: Timestep =        20800
 Forward: Timestep =        21000
 Forward: Timestep =        21200
 Forward: Timestep =        21400
 Forward: Timestep =        21600
 Forward: Timestep =        21800
 Forward: Timestep =        22000
 Forward: Timestep =        22200
 Forward: Timestep =        22400
 Forward: Timestep =        22600
 Forward: Timestep =        22800
 Forward: Timestep =        23000
 Forward: Timestep =        23200
 Forward: Timestep =        23400
 Forward: Timestep =        23600
 Forward: Timestep =        23800
 Forward: Timestep =        24000
 Forward: Timestep =        24200
 Forward: Timestep =        24400
 Forward: Timestep =        24600
 Forward: Timestep =        24800
 Forward: Timestep =        25000
 Forward: Timestep =        25200
 Forward: Timestep =        25400
 Forward: Timestep =        25600
 Forward: Timestep =        25800
 Forward: Timestep =        26000
 Forward: Timestep =        26200
 Forward: Timestep =        26400
 Forward: Timestep =        26600
 Forward: Timestep =        26800
 Forward: Timestep =        27000
 Forward: Timestep =        27200
 Forward: Timestep =        27400
 Forward: Timestep =        27600
 Forward: Timestep =        27800
 Forward: Timestep =        28000
 Forward: Timestep =        28200
 Forward: Timestep =        28400
 Forward: Timestep =        28600
 Forward: Timestep =        28800
 Forward: Timestep =        29000
 Forward: Timestep =        29200
 Forward: Timestep =        29400
 Forward: Timestep =        29600
 Forward: Timestep =        29800
 Forward: Timestep =        30000
 Forward: Timestep =        30200
 Forward: Timestep =        30400
 Forward: Timestep =        30600
 Forward: Timestep =        30800
 Forward: Timestep =        31000
 Forward: Timestep =        31200
 Forward: Timestep =        31400
 Forward: Timestep =        31600
 Forward: Timestep =        31800
 Forward: Timestep =        32000
 Forward: Timestep =        32200
 Forward: Timestep =        32400
 Forward: Timestep =        32600
 Forward: Timestep =        32800
 Forward: Timestep =        33000
 Forward: Timestep =        33200
 Forward: Timestep =        33400
 Forward: Timestep =        33600
 Forward: Timestep =        33800
 Forward: Timestep =        34000
 Forward: Timestep =        34200
 Forward: Timestep =        34400
 Forward: Timestep =        34600
 Forward: Timestep =        34800
 Forward: Timestep =        35000
 Forward: Timestep =        35200
 Forward: Timestep =        35400
 Forward: Timestep =        35600
 Forward: Timestep =        35800
 Forward: Timestep =        36000
 Forward: Timestep =        36200
 Forward: Timestep =        36400
 Forward: Timestep =        36600
 Forward: Timestep =        36800
 Forward: Timestep =        37000
 Forward: Timestep =        37200
 Forward: Timestep =        37400
 Forward: Timestep =        37600
 Forward: Timestep =        37800
 Forward: Timestep =        38000
 Forward: Timestep =        38200
 Forward: Timestep =        38400
 Forward: Timestep =        38600
 Forward: Timestep =        38800
 Forward: Timestep =        39000
 Forward: Timestep =        39200
 Forward: Timestep =        39400
 Forward: Timestep =        39600
 Forward: Timestep =        39800
 Forward: Timestep =        40000
 Forward: Timestep =        40200
 Forward: Timestep =        40400
 Forward: Timestep =        40600
 Forward: Timestep =        40800
 Forward: Timestep =        41000
 Forward: Timestep =        41200
 Forward: Timestep =        41400
 Forward: Timestep =        41600
 Forward: Timestep =        41800
 Forward: Timestep =        42000
 Forward: Timestep =        42200
 Forward: Timestep =        42400
 Forward: Timestep =        42600
 Forward: Timestep =        42800
 Forward: Timestep =        43000
 Forward: Timestep =        43200
 Forward: Timestep =        43400
 Forward: Timestep =        43600
 Forward: Timestep =        43800
 Forward: Timestep =        44000
 Forward: Timestep =        44200
 Forward: Timestep =        44400
 Forward: Timestep =        44600
 Forward: Timestep =        44800
 Forward: Timestep =        45000
 Forward: Timestep =        45200
 Forward: Timestep =        45400
 Forward: Timestep =        45600
 Forward: Timestep =        45800
 Forward: Timestep =        46000
 Forward: Timestep =        46200
 Forward: Timestep =        46400
 Forward: Timestep =        46600
 Forward: Timestep =        46800
 Forward: Timestep =        47000
 Forward: Timestep =        47200
 Forward: Timestep =        47400
 Forward: Timestep =        47600
 Forward: Timestep =        47800
 Forward: Timestep =        48000
 Forward: Timestep =        48200
 Forward: Timestep =        48400
 Forward: Timestep =        48600
 Forward: Timestep =        48800
 Forward: Timestep =        49000
 Forward: Timestep =        49200
 Forward: Timestep =        49400
 Forward: Timestep =        49600
 Forward: Timestep =        49800
 Forward: Timestep =        50000
 Forward: Timestep =        50200
 Forward: Timestep =        50400
 Forward: Timestep =        50600
 Forward: Timestep =        50800
 Forward: Timestep =        51000
 Forward: Timestep =        51200
 Forward: Timestep =        51400
 Forward: Timestep =        51600
 Forward: Timestep =        51800
 Forward: Timestep =        52000
 Forward: Timestep =        52200
 Forward: Timestep =        52400
 Forward: Timestep =        52600
 Forward: Timestep =        52800
 Forward: Timestep =        53000
 Forward: Timestep =        53200
 Forward: Timestep =        53400
 Forward: Timestep =        53600
 Forward: Timestep =        53800
 Forward: Timestep =        54000
 Forward: Timestep =        54200
 Forward: Timestep =        54400
 Forward: Timestep =        54600
 Forward: Timestep =        54800
 Forward: Timestep =        55000
 Forward: Timestep =        55200
 Forward: Timestep =        55400
 Forward: Timestep =        55600
 Forward: Timestep =        55800
 Adjoint: Timestep =       55800
 Adjoint: Timestep =       55600
 Adjoint: Timestep =       55400
 Adjoint: Timestep =       55200
 Adjoint: Timestep =       55000
 Adjoint: Timestep =       54800
 Adjoint: Timestep =       54600
 Adjoint: Timestep =       54400
 Adjoint: Timestep =       54200
 Adjoint: Timestep =       54000
 Adjoint: Timestep =       53800
 Adjoint: Timestep =       53600
 Adjoint: Timestep =       53400
 Adjoint: Timestep =       53200
 Adjoint: Timestep =       53000
 Adjoint: Timestep =       52800
 Adjoint: Timestep =       52600
 Adjoint: Timestep =       52400
 Adjoint: Timestep =       52200
 Adjoint: Timestep =       52000
 Adjoint: Timestep =       51800
 Adjoint: Timestep =       51600
 Adjoint: Timestep =       51400
 Adjoint: Timestep =       51200
 Adjoint: Timestep =       51000
 Adjoint: Timestep =       50800
 Adjoint: Timestep =       50600
 Adjoint: Timestep =       50400
 Adjoint: Timestep =       50200
 Adjoint: Timestep =       50000
 Adjoint: Timestep =       49800
 Adjoint: Timestep =       49600
 Adjoint: Timestep =       49400
 Adjoint: Timestep =       49200
 Adjoint: Timestep =       49000
 Adjoint: Timestep =       48800
 Adjoint: Timestep =       48600
 Adjoint: Timestep =       48400
 Adjoint: Timestep =       48200
 Adjoint: Timestep =       48000
 Adjoint: Timestep =       47800
 Adjoint: Timestep =       47600
 Adjoint: Timestep =       47400
 Adjoint: Timestep =       47200
 Adjoint: Timestep =       47000
 Adjoint: Timestep =       46800
 Adjoint: Timestep =       46600
 Adjoint: Timestep =       46400
 Adjoint: Timestep =       46200
 Adjoint: Timestep =       46000
 Adjoint: Timestep =       45800
 Adjoint: Timestep =       45600
 Adjoint: Timestep =       45400
 Adjoint: Timestep =       45200
 Adjoint: Timestep =       45000
 Adjoint: Timestep =       44800
 Adjoint: Timestep =       44600
 Adjoint: Timestep =       44400
 Adjoint: Timestep =       44200
 Adjoint: Timestep =       44000
 Adjoint: Timestep =       43800
 Adjoint: Timestep =       43600
 Adjoint: Timestep =       43400
 Adjoint: Timestep =       43200
 Adjoint: Timestep =       43000
 Adjoint: Timestep =       42800
 Adjoint: Timestep =       42600
 Adjoint: Timestep =       42400
 Adjoint: Timestep =       42200
 Adjoint: Timestep =       42000
 Adjoint: Timestep =       41800
 Adjoint: Timestep =       41600
 Adjoint: Timestep =       41400
 Adjoint: Timestep =       41200
 Adjoint: Timestep =       41000
 Adjoint: Timestep =       40800
 Adjoint: Timestep =       40600
 Adjoint: Timestep =       40400
 Adjoint: Timestep =       40200
 Adjoint: Timestep =       40000
 Adjoint: Timestep =       39800
 Adjoint: Timestep =       39600
 Adjoint: Timestep =       39400
 Adjoint: Timestep =       39200
 Adjoint: Timestep =       39000
 Adjoint: Timestep =       38800
 Adjoint: Timestep =       38600
 Adjoint: Timestep =       38400
 Adjoint: Timestep =       38200
 Adjoint: Timestep =       38000
 Adjoint: Timestep =       37800
 Adjoint: Timestep =       37600
 Adjoint: Timestep =       37400
 Adjoint: Timestep =       37200
 Adjoint: Timestep =       37000
 Adjoint: Timestep =       36800
 Adjoint: Timestep =       36600
 Adjoint: Timestep =       36400
 Adjoint: Timestep =       36200
 Adjoint: Timestep =       36000
 Adjoint: Timestep =       35800
 Adjoint: Timestep =       35600
 Adjoint: Timestep =       35400
 Adjoint: Timestep =       35200
 Adjoint: Timestep =       35000
 Adjoint: Timestep =       34800
 Adjoint: Timestep =       34600
 Adjoint: Timestep =       34400
 Adjoint: Timestep =       34200
 Adjoint: Timestep =       34000
 Adjoint: Timestep =       33800
 Adjoint: Timestep =       33600
 Adjoint: Timestep =       33400
 Adjoint: Timestep =       33200
 Adjoint: Timestep =       33000
 Adjoint: Timestep =       32800
 Adjoint: Timestep =       32600
 Adjoint: Timestep =       32400
 Adjoint: Timestep =       32200
 Adjoint: Timestep =       32000
 Adjoint: Timestep =       31800
 Adjoint: Timestep =       31600
 Adjoint: Timestep =       31400
 Adjoint: Timestep =       31200
 Adjoint: Timestep =       31000
 Adjoint: Timestep =       30800
 Adjoint: Timestep =       30600
 Adjoint: Timestep =       30400
 Adjoint: Timestep =       30200
 Adjoint: Timestep =       30000
 Adjoint: Timestep =       29800
 Adjoint: Timestep =       29600
 Adjoint: Timestep =       29400
 Adjoint: Timestep =       29200
 Adjoint: Timestep =       29000
 Adjoint: Timestep =       28800
 Adjoint: Timestep =       28600
 Adjoint: Timestep =       28400
 Adjoint: Timestep =       28200
 Adjoint: Timestep =       28000
 Adjoint: Timestep =       27800
 Adjoint: Timestep =       27600
 Adjoint: Timestep =       27400
 Adjoint: Timestep =       27200
 Adjoint: Timestep =       27000
 Adjoint: Timestep =       26800
 Adjoint: Timestep =       26600
 Adjoint: Timestep =       26400
 Adjoint: Timestep =       26200
 Adjoint: Timestep =       26000
 Adjoint: Timestep =       25800
 Adjoint: Timestep =       25600
 Adjoint: Timestep =       25400
 Adjoint: Timestep =       25200
 Adjoint: Timestep =       25000
 Adjoint: Timestep =       24800
 Adjoint: Timestep =       24600
 Adjoint: Timestep =       24400
 Adjoint: Timestep =       24200
 Adjoint: Timestep =       24000
 Adjoint: Timestep =       23800
 Adjoint: Timestep =       23600
 Adjoint: Timestep =       23400
 Adjoint: Timestep =       23200
 Adjoint: Timestep =       23000
 Adjoint: Timestep =       22800
 Adjoint: Timestep =       22600
 Adjoint: Timestep =       22400
 Adjoint: Timestep =       22200
 Adjoint: Timestep =       22000
 Adjoint: Timestep =       21800
 Adjoint: Timestep =       21600
 Adjoint: Timestep =       21400
 Adjoint: Timestep =       21200
 Adjoint: Timestep =       21000
 Adjoint: Timestep =       20800
 Adjoint: Timestep =       20600
 Adjoint: Timestep =       20400
 Adjoint: Timestep =       20200
 Adjoint: Timestep =       20000
 Adjoint: Timestep =       19800
 Adjoint: Timestep =       19600
 Adjoint: Timestep =       19400
 Adjoint: Timestep =       19200
 Adjoint: Timestep =       19000
 Adjoint: Timestep =       18800
 Adjoint: Timestep =       18600
 Adjoint: Timestep =       18400
 Adjoint: Timestep =       18200
 Adjoint: Timestep =       18000
 Adjoint: Timestep =       17800
 Adjoint: Timestep =       17600
 Adjoint: Timestep =       17400
 Adjoint: Timestep =       17200
 Adjoint: Timestep =       17000
 Adjoint: Timestep =       16800
 Adjoint: Timestep =       16600
 Adjoint: Timestep =       16400
 Adjoint: Timestep =       16200
 Adjoint: Timestep =       16000
 Adjoint: Timestep =       15800
 Adjoint: Timestep =       15600
 Adjoint: Timestep =       15400
 Adjoint: Timestep =       15200
 Adjoint: Timestep =       15000
 Adjoint: Timestep =       14800
 Adjoint: Timestep =       14600
 Adjoint: Timestep =       14400
 Adjoint: Timestep =       14200
 Adjoint: Timestep =       14000
 Adjoint: Timestep =       13800
 Adjoint: Timestep =       13600
 Adjoint: Timestep =       13400
 Adjoint: Timestep =       13200
 Adjoint: Timestep =       13000
 Adjoint: Timestep =       12800
 Adjoint: Timestep =       12600
 Adjoint: Timestep =       12400
 Adjoint: Timestep =       12200
 Adjoint: Timestep =       12000
 Adjoint: Timestep =       11800
 Adjoint: Timestep =       11600
 Adjoint: Timestep =       11400
 Adjoint: Timestep =       11200
 Adjoint: Timestep =       11000
 Adjoint: Timestep =       10800
 Adjoint: Timestep =       10600
 Adjoint: Timestep =       10400
 Adjoint: Timestep =       10200
 Adjoint: Timestep =       10000
 Adjoint: Timestep =        9800
 Adjoint: Timestep =        9600
 Adjoint: Timestep =        9400
 Adjoint: Timestep =        9200
 Adjoint: Timestep =        9000
 Adjoint: Timestep =        8800
 Adjoint: Timestep =        8600
 Adjoint: Timestep =        8400
 Adjoint: Timestep =        8200
 Adjoint: Timestep =        8000
 Adjoint: Timestep =        7800
 Adjoint: Timestep =        7600
 Adjoint: Timestep =        7400
 Adjoint: Timestep =        7200
 Adjoint: Timestep =        7000
 Adjoint: Timestep =        6800
 Adjoint: Timestep =        6600
 Adjoint: Timestep =        6400
 Adjoint: Timestep =        6200
 Adjoint: Timestep =        6000
 Adjoint: Timestep =        5800
 Adjoint: Timestep =        5600
 Adjoint: Timestep =        5400
 Adjoint: Timestep =        5200
 Adjoint: Timestep =        5000
 Adjoint: Timestep =        4800
 Adjoint: Timestep =        4600
 Adjoint: Timestep =        4400
 Adjoint: Timestep =        4200
 Adjoint: Timestep =        4000
 Adjoint: Timestep =        3800
 Adjoint: Timestep =        3600
 Adjoint: Timestep =        3400
 Adjoint: Timestep =        3200
 Adjoint: Timestep =        3000
 Adjoint: Timestep =        2800
 Adjoint: Timestep =        2600
 Adjoint: Timestep =        2400
 Adjoint: Timestep =        2200
 Adjoint: Timestep =        2000
 Adjoint: Timestep =        1800
 Adjoint: Timestep =        1600
 Adjoint: Timestep =        1400
 Adjoint: Timestep =        1200
 Adjoint: Timestep =        1000
 Adjoint: Timestep =         800
 Adjoint: Timestep =         600
 Adjoint: Timestep =         400
 Adjoint: Timestep =         200
 Adjoint: Timestep =           0
 Check sensitivity
